<testsuite><testcase classname="/home/ulrich/tools/js/casper/tests/run.js" name="True 1" time="1357598198.01"></testcase><testcase classname="/home/ulrich/tools/js/casper/tests/run.js" name="True 2" time="0.099"></testcase><testcase classname="/home/ulrich/tools/js/casper/tests/run.js" name="False 1" time="0.1"><failure type="assert">Subject is strictly true</failure></testcase><testcase classname="/home/ulrich/tools/js/casper/tests/run.js" name="False 2" time="0.1"><failure type="assert">Subject is strictly true</failure></testcase></testsuite>